1681660518843	geckodriver	INFO	Listening on 127.0.0.1:57516
1681660521897	mozrunner::runner	INFO	Running command: "C:\\Program Files\\Mozilla Firefox\\firefox.exe" "--marionette" "--no-sandbox" "--disable-dev-shm-usage" "- ... 7" "--remote-allow-hosts" "localhost" "-no-remote" "-profile" "C:\\Users\\JAIME\\AppData\\Local\\Temp\\rust_mozprofileKgYPSV"
console.warn: services.settings: Ignoring preference override of remote settings server
console.warn: services.settings: Allow by setting MOZ_REMOTE_SETTINGS_DEVTOOLS=1 in the environment
1681660522186	Marionette	INFO	Marionette enabled
Dynamically enable window occlusion 0
1681660522190	Marionette	INFO	Listening on port 57524
console.error: "Warning: unrecognized command line flag -no-sandbox\n"
console.error: "Warning: unrecognized command line flag -start-maximized\n"
Read port: 57524
WebDriver BiDi listening on ws://127.0.0.1:57517
1681660522306	RemoteAgent	WARN	TLS certificate errors will be ignored for this session
console.warn: SearchSettings: "get: No settings file exists, new profile?" (new NotFoundError("Could not open the file at C:\\Users\\JAIME\\AppData\\Local\\Temp\\rust_mozprofileKgYPSV\\search.json.mozlz4", (void 0)))
DevTools listening on ws://127.0.0.1:57517/devtools/browser/a60bcba4-c3ba-4177-aebe-f97fc7304c86
JavaScript warning: https://pagead2.googlesyndication.com/bg/kBq9KUdG_fSJS_g22hG5IJOh94ldGEt94wg22nyNOr4.js line 2 > eval line 7317 > eval line 1 > eval line 1 > eval, line 1: WEBGL_debug_renderer_info is deprecated in Firefox and will be removed. Please use RENDERER.
JavaScript warning: https://pagead2.googlesyndication.com/bg/kBq9KUdG_fSJS_g22hG5IJOh94ldGEt94wg22nyNOr4.js line 2 > eval line 2304 > eval line 1 > eval line 1 > eval, line 1: WEBGL_debug_renderer_info is deprecated in Firefox and will be removed. Please use RENDERER.
JavaScript warning: https://pagead2.googlesyndication.com/bg/kBq9KUdG_fSJS_g22hG5IJOh94ldGEt94wg22nyNOr4.js line 2 > eval line 1649 > eval line 1 > eval line 1 > eval, line 1: WEBGL_debug_renderer_info is deprecated in Firefox and will be removed. Please use RENDERER.
1681660555485	Marionette	INFO	Stopped listening on port 57524
Dynamically enable window occlusion 1
JavaScript error: , line 0: TypeError: NetworkError when attempting to fetch resource.
JavaScript error: , line 0: TypeError: NetworkError when attempting to fetch resource.
[Parent 18148, IPC I/O Parent] WARNING: DuplicateHandle failed for handle 0 in TransferHandles: file /builds/worker/checkouts/gecko/ipc/chromium/src/chrome/common/ipc_channel_win.cc:777
WARNING: A blocker encountered an error while we were waiting.
          Blocker:  Waiting for ping task
          Phase: TelemetryController: Waiting for pending ping activity
          State: (none)
WARNING: Error: Phase "profile-before-change" is finished, it is too late to register completion condition "OS.File: flush I/O queued before profileBeforeChange"
WARNING: addBlocker@resource://gre/modules/AsyncShutdown.sys.mjs:727:15
addBlocker@resource://gre/modules/AsyncShutdown.sys.mjs:523:26
addBlocker@resource://gre/modules/AsyncShutdown.sys.mjs:458:15
setupShutdown@resource://gre/modules/osfile/osfile_async_front.jsm:1548:28
@resource://gre/modules/osfile/osfile_async_front.jsm:1568:16
@resource://gre/modules/osfile.jsm:12:30
@resource://gre/modules/TelemetryStorage.sys.mjs:10:28
_checkPendingPings@resource://gre/modules/TelemetrySend.sys.mjs:863:17
setup@resource://gre/modules/TelemetrySend.sys.mjs:803:18
setup@resource://gre/modules/TelemetrySend.sys.mjs:241:30
setupTelemetry/this._delayedInitTask<@resource://gre/modules/TelemetryControllerParent.sys.mjs:828:36
observe@resource://gre/modules/AsyncShutdown.sys.mjs:576:16

console.error: "TelemetryScheduler.shutdown - Already shut down"
WARNING: A blocker encountered an error while we were waiting.
          Blocker:  Waiting for ping task
          Phase: TelemetryController: Waiting for pending ping activity
          State: (none)
WARNING: Error: Phase "profile-before-change" is finished, it is too late to register completion condition "OS.File: flush I/O queued before profileBeforeChange"
WARNING: addBlocker@resource://gre/modules/AsyncShutdown.sys.mjs:727:15
addBlocker@resource://gre/modules/AsyncShutdown.sys.mjs:523:26
addBlocker@resource://gre/modules/AsyncShutdown.sys.mjs:458:15
setupShutdown@resource://gre/modules/osfile/osfile_async_front.jsm:1548:28
@resource://gre/modules/osfile/osfile_async_front.jsm:1568:16
@resource://gre/modules/osfile.jsm:12:30
@resource://gre/modules/TelemetryStorage.sys.mjs:10:28
_checkPendingPings@resource://gre/modules/TelemetrySend.sys.mjs:863:17
setup@resource://gre/modules/TelemetrySend.sys.mjs:803:18
setup@resource://gre/modules/TelemetrySend.sys.mjs:241:30
setupTelemetry/this._delayedInitTask<@resource://gre/modules/TelemetryControllerParent.sys.mjs:828:36
observe@resource://gre/modules/AsyncShutdown.sys.mjs:576:16

WARNING: A blocker encountered an error while we were waiting.
          Blocker:  Waiting for ping task
          Phase: TelemetryController: Waiting for pending ping activity
          State: (none)
WARNING: Error: Phase "profile-before-change" is finished, it is too late to register completion condition "OS.File: flush I/O queued before profileBeforeChange"
WARNING: addBlocker@resource://gre/modules/AsyncShutdown.sys.mjs:727:15
addBlocker@resource://gre/modules/AsyncShutdown.sys.mjs:523:26
addBlocker@resource://gre/modules/AsyncShutdown.sys.mjs:458:15
setupShutdown@resource://gre/modules/osfile/osfile_async_front.jsm:1548:28
@resource://gre/modules/osfile/osfile_async_front.jsm:1568:16
@resource://gre/modules/osfile.jsm:12:30
@resource://gre/modules/TelemetryStorage.sys.mjs:10:28
_checkPendingPings@resource://gre/modules/TelemetrySend.sys.mjs:863:17
setup@resource://gre/modules/TelemetrySend.sys.mjs:803:18
setup@resource://gre/modules/TelemetrySend.sys.mjs:241:30
setupTelemetry/this._delayedInitTask<@resource://gre/modules/TelemetryControllerParent.sys.mjs:828:36
observe@resource://gre/modules/AsyncShutdown.sys.mjs:576:16

WARNING: A blocker encountered an error while we were waiting.
          Blocker:  TelemetryController: shutting down
          Phase: profile-before-change-telemetry
          State: Error getting state: Error: Phase "profile-before-change" is finished, it is too late to register completion condition "OS.File: flush I/O queued before profileBeforeChange" at addBlocker@resource://gre/modules/AsyncShutdown.sys.mjs:727:15
addBlocker@resource://gre/modules/AsyncShutdown.sys.mjs:523:26
addBlocker@resource://gre/modules/AsyncShutdown.sys.mjs:458:15
setupShutdown@resource://gre/modules/osfile/osfile_async_front.jsm:1548:28
@resource://gre/modules/osfile/osfile_async_front.jsm:1568:16
@resource://gre/modules/osfile.jsm:12:30
@resource://gre/modules/TelemetryStorage.sys.mjs:10:28
_checkPendingPings@resource://gre/modules/TelemetrySend.sys.mjs:863:17
setup@resource://gre/modules/TelemetrySend.sys.mjs:803:18
setup@resource://gre/modules/TelemetrySend.sys.mjs:241:30
setupTelemetry/this._delayedInitTask<@resource://gre/modules/TelemetryControllerParent.sys.mjs:828:36
observe@resource://gre/modules/AsyncShutdown.sys.mjs:576:16

WARNING: Error: Phase "profile-before-change" is finished, it is too late to register completion condition "OS.File: flush I/O queued before profileBeforeChange"
WARNING: addBlocker@resource://gre/modules/AsyncShutdown.sys.mjs:727:15
addBlocker@resource://gre/modules/AsyncShutdown.sys.mjs:523:26
addBlocker@resource://gre/modules/AsyncShutdown.sys.mjs:458:15
setupShutdown@resource://gre/modules/osfile/osfile_async_front.jsm:1548:28
@resource://gre/modules/osfile/osfile_async_front.jsm:1568:16
@resource://gre/modules/osfile.jsm:12:30
@resource://gre/modules/TelemetryStorage.sys.mjs:10:28
_checkPendingPings@resource://gre/modules/TelemetrySend.sys.mjs:863:17
setup@resource://gre/modules/TelemetrySend.sys.mjs:803:18
setup@resource://gre/modules/TelemetrySend.sys.mjs:241:30
setupTelemetry/this._delayedInitTask<@resource://gre/modules/TelemetryControllerParent.sys.mjs:828:36
observe@resource://gre/modules/AsyncShutdown.sys.mjs:576:16

JavaScript error: resource://gre/modules/AsyncShutdown.sys.mjs, line 727: Error: Phase "profile-before-change" is finished, it is too late to register completion condition "OS.File: flush I/O queued before profileBeforeChange"
JavaScript error: resource://gre/modules/AsyncShutdown.sys.mjs, line 727: Error: Phase "profile-before-change" is finished, it is too late to register completion condition "OS.File: flush I/O queued before profileBeforeChange"
JavaScript error: resource://gre/modules/AsyncShutdown.sys.mjs, line 727: Error: Phase "profile-before-change" is finished, it is too late to register completion condition "OS.File: flush I/O queued before profileBeforeChange"
JavaScript error: resource://gre/modules/AsyncShutdown.sys.mjs, line 727: Error: Phase "profile-before-change" is finished, it is too late to register completion condition "OS.File: flush I/O queued before profileBeforeChange"
JavaScript error: resource://gre/modules/AsyncShutdown.sys.mjs, line 727: Error: Phase "profile-before-change" is finished, it is too late to register completion condition "OS.File: flush I/O queued before profileBeforeChange"
JavaScript error: resource://gre/modules/AsyncShutdown.sys.mjs, line 727: Error: Phase "profile-before-change" is finished, it is too late to register completion condition "OS.File: flush I/O queued before profileBeforeChange"
1681660606151	geckodriver	INFO	Listening on 127.0.0.1:55691
1681660609183	mozrunner::runner	INFO	Running command: "C:\\Program Files\\Mozilla Firefox\\firefox.exe" "--marionette" "--no-sandbox" "--disable-dev-shm-usage" "- ... 2" "--remote-allow-hosts" "localhost" "-no-remote" "-profile" "C:\\Users\\JAIME\\AppData\\Local\\Temp\\rust_mozprofileqMLoBW"
console.warn: services.settings: Ignoring preference override of remote settings server
console.warn: services.settings: Allow by setting MOZ_REMOTE_SETTINGS_DEVTOOLS=1 in the environment
1681660609430	Marionette	INFO	Marionette enabled
Dynamically enable window occlusion 0
1681660609434	Marionette	INFO	Listening on port 55699
console.error: "Warning: unrecognized command line flag -no-sandbox\n"
console.error: "Warning: unrecognized command line flag -start-maximized\n"
WebDriver BiDi listening on ws://127.0.0.1:55692
Read port: 55699
1681660609605	RemoteAgent	WARN	TLS certificate errors will be ignored for this session
console.warn: SearchSettings: "get: No settings file exists, new profile?" (new NotFoundError("Could not open the file at C:\\Users\\JAIME\\AppData\\Local\\Temp\\rust_mozprofileqMLoBW\\search.json.mozlz4", (void 0)))
DevTools listening on ws://127.0.0.1:55692/devtools/browser/81031184-0420-4974-9784-55dda29d26fe
JavaScript warning: https://pagead2.googlesyndication.com/bg/kBq9KUdG_fSJS_g22hG5IJOh94ldGEt94wg22nyNOr4.js line 2 > eval line 4428 > eval line 1 > eval line 1 > eval, line 1: WEBGL_debug_renderer_info is deprecated in Firefox and will be removed. Please use RENDERER.
JavaScript warning: https://pagead2.googlesyndication.com/bg/kBq9KUdG_fSJS_g22hG5IJOh94ldGEt94wg22nyNOr4.js line 2 > eval line 3686 > eval line 1 > eval line 1 > eval, line 1: WEBGL_debug_renderer_info is deprecated in Firefox and will be removed. Please use RENDERER.
JavaScript warning: https://pagead2.googlesyndication.com/bg/kBq9KUdG_fSJS_g22hG5IJOh94ldGEt94wg22nyNOr4.js line 2 > eval line 4193 > eval line 1 > eval line 1 > eval, line 1: WEBGL_debug_renderer_info is deprecated in Firefox and will be removed. Please use RENDERER.
JavaScript error: chrome://global/content/elements/videocontrols.js, line 3285: TypeError: can't access dead object
JavaScript error: chrome://global/content/elements/videocontrols.js, line 3285: TypeError: can't access dead object
[Parent 19952, IPC I/O Parent] WARNING: DuplicateHandle failed for handle 0 in TransferHandles: file /builds/worker/checkouts/gecko/ipc/chromium/src/chrome/common/ipc_channel_win.cc:777
JavaScript error: https://connect.facebook.net/en_US/fbevents.js, line 27: TypeError: f.queue is undefined
1681660643697	Marionette	WARN	Ignoring event 'DOMContentLoaded' because document has an invalid readyState of 'complete'.
JavaScript warning: https://pagead2.googlesyndication.com/bg/kBq9KUdG_fSJS_g22hG5IJOh94ldGEt94wg22nyNOr4.js line 2 > eval line 6927 > eval line 1 > eval line 1 > eval, line 1: WEBGL_debug_renderer_info is deprecated in Firefox and will be removed. Please use RENDERER.
JavaScript warning: https://pagead2.googlesyndication.com/bg/kBq9KUdG_fSJS_g22hG5IJOh94ldGEt94wg22nyNOr4.js line 2 > eval line 6805 > eval line 1 > eval line 1 > eval, line 1: WEBGL_debug_renderer_info is deprecated in Firefox and will be removed. Please use RENDERER.
JavaScript warning: https://pagead2.googlesyndication.com/bg/kBq9KUdG_fSJS_g22hG5IJOh94ldGEt94wg22nyNOr4.js line 2 > eval line 7440 > eval line 1 > eval line 1 > eval, line 1: WEBGL_debug_renderer_info is deprecated in Firefox and will be removed. Please use RENDERER.
JavaScript error: , line 0: TypeError: NetworkError when attempting to fetch resource.
[Parent 19952, IPC I/O Parent] WARNING: DuplicateHandle failed for handle 0 in TransferHandles: file /builds/worker/checkouts/gecko/ipc/chromium/src/chrome/common/ipc_channel_win.cc:777
[Parent 19952, IPC I/O Parent] WARNING: DuplicateHandle failed for handle 0 in TransferHandles: file /builds/worker/checkouts/gecko/ipc/chromium/src/chrome/common/ipc_channel_win.cc:777
JavaScript error: , line 0: TypeError: NetworkError when attempting to fetch resource.
JavaScript error: , line 0: TypeError: NetworkError when attempting to fetch resource.
JavaScript error: , line 0: TypeError: NetworkError when attempting to fetch resource.
JavaScript warning: https://pagead2.googlesyndication.com/bg/kBq9KUdG_fSJS_g22hG5IJOh94ldGEt94wg22nyNOr4.js line 2 > eval line 492 > eval line 1 > eval line 1 > eval, line 1: WEBGL_debug_renderer_info is deprecated in Firefox and will be removed. Please use RENDERER.
JavaScript warning: https://pagead2.googlesyndication.com/bg/kBq9KUdG_fSJS_g22hG5IJOh94ldGEt94wg22nyNOr4.js line 2 > eval line 6758 > eval line 1 > eval line 1 > eval, line 1: WEBGL_debug_renderer_info is deprecated in Firefox and will be removed. Please use RENDERER.
1681660664884	Marionette	WARN	Ignoring event 'pageshow' because document has an invalid readyState of 'interactive'.
1681660664895	Marionette	WARN	Ignoring event 'pageshow' because document has an invalid readyState of 'loading'.
JavaScript warning: https://z.moatads.com/quantcastv2691176990399/moatad.js#moatClientLevel1=p-zpW_k9butwLga&moatClientLevel2=qfm&moatClientLevel3=d71bd8ca-6b7b-44bb-bf0f-a00f9525e2d6&moatClientLevel4=7d9cf146-fd6d-4a26-8211-fb036c41a607&uid=FU22MxBItTsQTbQyF0q3Mx5JvDEQR7Q4FLPUTrY=, line 283: WEBGL_debug_renderer_info is deprecated in Firefox and will be removed. Please use RENDERER.
Missing chrome or resource URL: chrome://browser/skin/aboutSessionRestore-window-icon.png
Missing chrome or resource URL: chrome://browser/skin/abyss/img/waterfox-abyss-preview.svg
[Parent 19952, IPC I/O Parent] WARNING: DuplicateHandle failed for handle 0 in TransferHandles: file /builds/worker/checkouts/gecko/ipc/chromium/src/chrome/common/ipc_channel_win.cc:777
JavaScript error: https://i-invdn-com.investing.com/x/prod/cc0b219/_next/static/chunks/framework-4ed89e9640adfb9e.js, line 1: Error: Minified React error #425; visit https://reactjs.org/docs/error-decoder.html?invariant=425 for the full message or use the non-minified dev environment for full errors and additional helpful warnings.
JavaScript error: https://i-invdn-com.investing.com/x/prod/cc0b219/_next/static/chunks/framework-4ed89e9640adfb9e.js, line 1: Error: Minified React error #418; visit https://reactjs.org/docs/error-decoder.html?invariant=418 for the full message or use the non-minified dev environment for full errors and additional helpful warnings.
JavaScript error: https://i-invdn-com.investing.com/x/prod/cc0b219/_next/static/chunks/framework-4ed89e9640adfb9e.js, line 1: Error: Minified React error #418; visit https://reactjs.org/docs/error-decoder.html?invariant=418 for the full message or use the non-minified dev environment for full errors and additional helpful warnings.
JavaScript error: https://i-invdn-com.investing.com/x/prod/cc0b219/_next/static/chunks/framework-4ed89e9640adfb9e.js, line 1: Error: Minified React error #418; visit https://reactjs.org/docs/error-decoder.html?invariant=418 for the full message or use the non-minified dev environment for full errors and additional helpful warnings.
JavaScript error: https://i-invdn-com.investing.com/x/prod/cc0b219/_next/static/chunks/framework-4ed89e9640adfb9e.js, line 1: Error: Minified React error #418; visit https://reactjs.org/docs/error-decoder.html?invariant=418 for the full message or use the non-minified dev environment for full errors and additional helpful warnings.
JavaScript error: https://i-invdn-com.investing.com/x/prod/cc0b219/_next/static/chunks/framework-4ed89e9640adfb9e.js, line 1: Error: Minified React error #418; visit https://reactjs.org/docs/error-decoder.html?invariant=418 for the full message or use the non-minified dev environment for full errors and additional helpful warnings.
JavaScript error: https://i-invdn-com.investing.com/x/prod/cc0b219/_next/static/chunks/framework-4ed89e9640adfb9e.js, line 1: Error: Minified React error #418; visit https://reactjs.org/docs/error-decoder.html?invariant=418 for the full message or use the non-minified dev environment for full errors and additional helpful warnings.
JavaScript error: https://i-invdn-com.investing.com/x/prod/cc0b219/_next/static/chunks/framework-4ed89e9640adfb9e.js, line 1: Error: Minified React error #418; visit https://reactjs.org/docs/error-decoder.html?invariant=418 for the full message or use the non-minified dev environment for full errors and additional helpful warnings.
JavaScript error: https://i-invdn-com.investing.com/x/prod/cc0b219/_next/static/chunks/framework-4ed89e9640adfb9e.js, line 1: Error: Minified React error #418; visit https://reactjs.org/docs/error-decoder.html?invariant=418 for the full message or use the non-minified dev environment for full errors and additional helpful warnings.
JavaScript error: https://i-invdn-com.investing.com/x/prod/cc0b219/_next/static/chunks/framework-4ed89e9640adfb9e.js, line 1: Error: Minified React error #418; visit https://reactjs.org/docs/error-decoder.html?invariant=418 for the full message or use the non-minified dev environment for full errors and additional helpful warnings.
JavaScript error: https://i-invdn-com.investing.com/x/prod/cc0b219/_next/static/chunks/framework-4ed89e9640adfb9e.js, line 1: Error: Minified React error #418; visit https://reactjs.org/docs/error-decoder.html?invariant=418 for the full message or use the non-minified dev environment for full errors and additional helpful warnings.
JavaScript error: https://i-invdn-com.investing.com/x/prod/cc0b219/_next/static/chunks/framework-4ed89e9640adfb9e.js, line 1: Error: Minified React error #423; visit https://reactjs.org/docs/error-decoder.html?invariant=423 for the full message or use the non-minified dev environment for full errors and additional helpful warnings.
JavaScript warning: https://pagead2.googlesyndication.com/bg/kBq9KUdG_fSJS_g22hG5IJOh94ldGEt94wg22nyNOr4.js line 2 > eval line 1668 > eval line 1 > eval line 1 > eval, line 1: WEBGL_debug_renderer_info is deprecated in Firefox and will be removed. Please use RENDERER.
JavaScript warning: https://pagead2.googlesyndication.com/bg/kBq9KUdG_fSJS_g22hG5IJOh94ldGEt94wg22nyNOr4.js line 2 > eval line 4984 > eval line 1 > eval line 1 > eval, line 1: WEBGL_debug_renderer_info is deprecated in Firefox and will be removed. Please use RENDERER.
JavaScript warning: https://pagead2.googlesyndication.com/bg/kBq9KUdG_fSJS_g22hG5IJOh94ldGEt94wg22nyNOr4.js line 2 > eval line 4540 > eval line 1 > eval line 1 > eval, line 1: WEBGL_debug_renderer_info is deprecated in Firefox and will be removed. Please use RENDERER.
JavaScript error: , line 0: uncaught exception: Object
JavaScript warning: https://pagead2.googlesyndication.com/bg/kBq9KUdG_fSJS_g22hG5IJOh94ldGEt94wg22nyNOr4.js line 2 > eval line 1369 > eval line 1 > eval line 1 > eval, line 1: WEBGL_debug_renderer_info is deprecated in Firefox and will be removed. Please use RENDERER.
JavaScript error: , line 0: TypeError: NetworkError when attempting to fetch resource.
JavaScript warning: https://pagead2.googlesyndication.com/bg/kBq9KUdG_fSJS_g22hG5IJOh94ldGEt94wg22nyNOr4.js line 2 > eval line 6790 > eval line 1 > eval line 1 > eval, line 1: WEBGL_debug_renderer_info is deprecated in Firefox and will be removed. Please use RENDERER.
JavaScript warning: https://pagead2.googlesyndication.com/bg/kBq9KUdG_fSJS_g22hG5IJOh94ldGEt94wg22nyNOr4.js line 2 > eval line 7368 > eval line 1 > eval line 1 > eval, line 1: WEBGL_debug_renderer_info is deprecated in Firefox and will be removed. Please use RENDERER.
JavaScript warning: https://pagead2.googlesyndication.com/bg/kBq9KUdG_fSJS_g22hG5IJOh94ldGEt94wg22nyNOr4.js line 2 > eval line 720 > eval line 1 > eval line 1 > eval, line 1: WEBGL_debug_renderer_info is deprecated in Firefox and will be removed. Please use RENDERER.
1681660772554	Marionette	INFO	Stopped listening on port 55699
Dynamically enable window occlusion 1
[Parent 19952, IPC I/O Parent] WARNING: pipe error: 232: file /builds/worker/checkouts/gecko/ipc/chromium/src/chrome/common/ipc_channel_win.cc:583
1681660848671	geckodriver	INFO	Listening on 127.0.0.1:61921
1681660851717	mozrunner::runner	INFO	Running command: "C:\\Program Files\\Mozilla Firefox\\firefox.exe" "--marionette" "--no-sandbox" "--disable-dev-shm-usage" "- ... 2" "--remote-allow-hosts" "localhost" "-no-remote" "-profile" "C:\\Users\\JAIME\\AppData\\Local\\Temp\\rust_mozprofilebdaBLe"
console.warn: services.settings: Ignoring preference override of remote settings server
console.warn: services.settings: Allow by setting MOZ_REMOTE_SETTINGS_DEVTOOLS=1 in the environment
1681660851960	Marionette	INFO	Marionette enabled
Dynamically enable window occlusion 0
1681660851963	Marionette	INFO	Listening on port 61930
console.error: "Warning: unrecognized command line flag -no-sandbox\n"
console.error: "Warning: unrecognized command line flag -start-maximized\n"
WebDriver BiDi listening on ws://127.0.0.1:61922
Read port: 61930
1681660852165	RemoteAgent	WARN	TLS certificate errors will be ignored for this session
console.warn: SearchSettings: "get: No settings file exists, new profile?" (new NotFoundError("Could not open the file at C:\\Users\\JAIME\\AppData\\Local\\Temp\\rust_mozprofilebdaBLe\\search.json.mozlz4", (void 0)))
DevTools listening on ws://127.0.0.1:61922/devtools/browser/07627ce0-4722-4205-9ad0-c6a7c2d9922d
JavaScript warning: https://pagead2.googlesyndication.com/bg/kBq9KUdG_fSJS_g22hG5IJOh94ldGEt94wg22nyNOr4.js line 2 > eval line 3996 > eval line 1 > eval line 1 > eval, line 1: WEBGL_debug_renderer_info is deprecated in Firefox and will be removed. Please use RENDERER.
JavaScript warning: https://pagead2.googlesyndication.com/bg/kBq9KUdG_fSJS_g22hG5IJOh94ldGEt94wg22nyNOr4.js line 2 > eval line 4410 > eval line 1 > eval line 1 > eval, line 1: WEBGL_debug_renderer_info is deprecated in Firefox and will be removed. Please use RENDERER.
JavaScript warning: https://pagead2.googlesyndication.com/bg/kBq9KUdG_fSJS_g22hG5IJOh94ldGEt94wg22nyNOr4.js line 2 > eval line 2378 > eval line 1 > eval line 1 > eval, line 1: WEBGL_debug_renderer_info is deprecated in Firefox and will be removed. Please use RENDERER.
JavaScript error: chrome://global/content/elements/videocontrols.js, line 3285: TypeError: can't access dead object
JavaScript error: chrome://global/content/elements/videocontrols.js, line 3285: TypeError: can't access dead object
JavaScript error: , line 0: TypeError: NetworkError when attempting to fetch resource.
[Parent 15104, IPC I/O Parent] WARNING: DuplicateHandle failed for handle 0 in TransferHandles: file /builds/worker/checkouts/gecko/ipc/chromium/src/chrome/common/ipc_channel_win.cc:777
JavaScript error: https://www.investing.com/funds/amundi-msci-wrld-ae-c line 413 > injectedScript, line 1: ReferenceError: fbq is not defined
1681660886579	Marionette	WARN	Ignoring event 'DOMContentLoaded' because document has an invalid readyState of 'complete'.
JavaScript error: https://www.investing.com/funds/amundi-msci-wrld-ae-c-historical-data line 413 > injectedScript, line 1: ReferenceError: fbq is not defined
JavaScript warning: https://pagead2.googlesyndication.com/bg/kBq9KUdG_fSJS_g22hG5IJOh94ldGEt94wg22nyNOr4.js line 2 > eval line 1683 > eval line 1 > eval line 1 > eval, line 1: WEBGL_debug_renderer_info is deprecated in Firefox and will be removed. Please use RENDERER.
JavaScript warning: https://pagead2.googlesyndication.com/bg/kBq9KUdG_fSJS_g22hG5IJOh94ldGEt94wg22nyNOr4.js line 2 > eval line 3104 > eval line 1 > eval line 1 > eval, line 1: WEBGL_debug_renderer_info is deprecated in Firefox and will be removed. Please use RENDERER.
JavaScript warning: https://pagead2.googlesyndication.com/bg/kBq9KUdG_fSJS_g22hG5IJOh94ldGEt94wg22nyNOr4.js line 2 > eval line 1727 > eval line 1 > eval line 1 > eval, line 1: WEBGL_debug_renderer_info is deprecated in Firefox and will be removed. Please use RENDERER.
JavaScript error: , line 0: TypeError: NetworkError when attempting to fetch resource.
JavaScript error: , line 0: TypeError: NetworkError when attempting to fetch resource.
JavaScript error: , line 0: TypeError: NetworkError when attempting to fetch resource.
JavaScript error: , line 0: TypeError: NetworkError when attempting to fetch resource.
JavaScript warning: https://pagead2.googlesyndication.com/bg/kBq9KUdG_fSJS_g22hG5IJOh94ldGEt94wg22nyNOr4.js line 2 > eval line 6360 > eval line 1 > eval line 1 > eval, line 1: WEBGL_debug_renderer_info is deprecated in Firefox and will be removed. Please use RENDERER.
JavaScript warning: https://pagead2.googlesyndication.com/bg/kBq9KUdG_fSJS_g22hG5IJOh94ldGEt94wg22nyNOr4.js line 2 > eval line 2430 > eval line 1 > eval line 1 > eval, line 1: WEBGL_debug_renderer_info is deprecated in Firefox and will be removed. Please use RENDERER.
JavaScript warning: https://pagead2.googlesyndication.com/bg/kBq9KUdG_fSJS_g22hG5IJOh94ldGEt94wg22nyNOr4.js line 2 > eval line 6800 > eval line 1 > eval line 1 > eval, line 1: WEBGL_debug_renderer_info is deprecated in Firefox and will be removed. Please use RENDERER.
JavaScript error: , line 0: TypeError: NetworkError when attempting to fetch resource.
JavaScript error: , line 0: TypeError: NetworkError when attempting to fetch resource.
JavaScript warning: https://pagead2.googlesyndication.com/bg/kBq9KUdG_fSJS_g22hG5IJOh94ldGEt94wg22nyNOr4.js line 2 > eval line 1489 > eval line 1 > eval line 1 > eval, line 1: WEBGL_debug_renderer_info is deprecated in Firefox and will be removed. Please use RENDERER.
JavaScript warning: https://pagead2.googlesyndication.com/bg/kBq9KUdG_fSJS_g22hG5IJOh94ldGEt94wg22nyNOr4.js line 2 > eval line 4439 > eval line 1 > eval line 1 > eval, line 1: WEBGL_debug_renderer_info is deprecated in Firefox and will be removed. Please use RENDERER.
JavaScript warning: https://pagead2.googlesyndication.com/bg/kBq9KUdG_fSJS_g22hG5IJOh94ldGEt94wg22nyNOr4.js line 2 > eval line 6895 > eval line 1 > eval line 1 > eval, line 1: WEBGL_debug_renderer_info is deprecated in Firefox and will be removed. Please use RENDERER.
JavaScript error: , line 0: TypeError: NetworkError when attempting to fetch resource.
JavaScript error: , line 0: TypeError: NetworkError when attempting to fetch resource.
1681660965312	Marionette	WARN	Ignoring event 'DOMContentLoaded' because document has an invalid readyState of 'complete'.
JavaScript warning: https://pagead2.googlesyndication.com/bg/kBq9KUdG_fSJS_g22hG5IJOh94ldGEt94wg22nyNOr4.js line 2 > eval line 5277 > eval line 1 > eval line 1 > eval, line 1: WEBGL_debug_renderer_info is deprecated in Firefox and will be removed. Please use RENDERER.
JavaScript warning: https://pagead2.googlesyndication.com/bg/kBq9KUdG_fSJS_g22hG5IJOh94ldGEt94wg22nyNOr4.js line 2 > eval line 6316 > eval line 1 > eval line 1 > eval, line 1: WEBGL_debug_renderer_info is deprecated in Firefox and will be removed. Please use RENDERER.
JavaScript warning: https://pagead2.googlesyndication.com/bg/kBq9KUdG_fSJS_g22hG5IJOh94ldGEt94wg22nyNOr4.js line 2 > eval line 7572 > eval line 1 > eval line 1 > eval, line 1: WEBGL_debug_renderer_info is deprecated in Firefox and will be removed. Please use RENDERER.
1681661013685	Marionette	INFO	Stopped listening on port 61930
Dynamically enable window occlusion 1
[Parent 15104, IPC I/O Parent] WARNING: pipe error: 232: file /builds/worker/checkouts/gecko/ipc/chromium/src/chrome/common/ipc_channel_win.cc:583
1681661323481	geckodriver	INFO	Listening on 127.0.0.1:56878
1681661326507	mozrunner::runner	INFO	Running command: "C:\\Program Files\\Mozilla Firefox\\firefox.exe" "--marionette" "--no-sandbox" "--disable-dev-shm-usage" "- ... 9" "--remote-allow-hosts" "localhost" "-no-remote" "-profile" "C:\\Users\\JAIME\\AppData\\Local\\Temp\\rust_mozprofiletRILtr"
console.warn: services.settings: Ignoring preference override of remote settings server
console.warn: services.settings: Allow by setting MOZ_REMOTE_SETTINGS_DEVTOOLS=1 in the environment
1681661326751	Marionette	INFO	Marionette enabled
Dynamically enable window occlusion 0
1681661326754	Marionette	INFO	Listening on port 56886
console.error: "Warning: unrecognized command line flag -no-sandbox\n"
console.error: "Warning: unrecognized command line flag -start-maximized\n"
WebDriver BiDi listening on ws://127.0.0.1:56879
Read port: 56886
1681661326956	RemoteAgent	WARN	TLS certificate errors will be ignored for this session
console.warn: SearchSettings: "get: No settings file exists, new profile?" (new NotFoundError("Could not open the file at C:\\Users\\JAIME\\AppData\\Local\\Temp\\rust_mozprofiletRILtr\\search.json.mozlz4", (void 0)))
DevTools listening on ws://127.0.0.1:56879/devtools/browser/229c3ad8-a0c3-406e-bc0a-06a6e6a8a579
JavaScript warning: https://pagead2.googlesyndication.com/bg/kBq9KUdG_fSJS_g22hG5IJOh94ldGEt94wg22nyNOr4.js line 2 > eval line 2302 > eval line 1 > eval line 1 > eval, line 1: WEBGL_debug_renderer_info is deprecated in Firefox and will be removed. Please use RENDERER.
JavaScript warning: https://pagead2.googlesyndication.com/bg/kBq9KUdG_fSJS_g22hG5IJOh94ldGEt94wg22nyNOr4.js line 2 > eval line 7035 > eval line 1 > eval line 1 > eval, line 1: WEBGL_debug_renderer_info is deprecated in Firefox and will be removed. Please use RENDERER.
JavaScript warning: https://pagead2.googlesyndication.com/bg/kBq9KUdG_fSJS_g22hG5IJOh94ldGEt94wg22nyNOr4.js line 2 > eval line 1557 > eval line 1 > eval line 1 > eval, line 1: WEBGL_debug_renderer_info is deprecated in Firefox and will be removed. Please use RENDERER.
JavaScript error: chrome://global/content/elements/videocontrols.js, line 3285: TypeError: can't access dead object
JavaScript error: chrome://global/content/elements/videocontrols.js, line 3285: TypeError: can't access dead object
JavaScript error: , line 0: TypeError: NetworkError when attempting to fetch resource.
[Parent 2208, IPC I/O Parent] WARNING: DuplicateHandle failed for handle 0 in TransferHandles: file /builds/worker/checkouts/gecko/ipc/chromium/src/chrome/common/ipc_channel_win.cc:777
JavaScript error: https://connect.facebook.net/en_US/fbevents.js, line 27: TypeError: f.queue is undefined
1681661364016	Marionette	WARN	Ignoring event 'DOMContentLoaded' because document has an invalid readyState of 'complete'.
JavaScript warning: https://pagead2.googlesyndication.com/bg/kBq9KUdG_fSJS_g22hG5IJOh94ldGEt94wg22nyNOr4.js line 2 > eval line 3853 > eval line 1 > eval line 1 > eval, line 1: WEBGL_debug_renderer_info is deprecated in Firefox and will be removed. Please use RENDERER.
JavaScript warning: https://pagead2.googlesyndication.com/bg/kBq9KUdG_fSJS_g22hG5IJOh94ldGEt94wg22nyNOr4.js line 2 > eval line 3135 > eval line 1 > eval line 1 > eval, line 1: WEBGL_debug_renderer_info is deprecated in Firefox and will be removed. Please use RENDERER.
JavaScript warning: https://pagead2.googlesyndication.com/bg/kBq9KUdG_fSJS_g22hG5IJOh94ldGEt94wg22nyNOr4.js line 2 > eval line 7159 > eval line 1 > eval line 1 > eval, line 1: WEBGL_debug_renderer_info is deprecated in Firefox and will be removed. Please use RENDERER.
JavaScript error: , line 0: TypeError: NetworkError when attempting to fetch resource.
JavaScript error: https://www.investing.com/funds/amundi-msci-wrld-ae-c-historical-data line 413 > injectedScript, line 1: ReferenceError: fbq is not defined
JavaScript error: , line 0: TypeError: NetworkError when attempting to fetch resource.
JavaScript error: , line 0: TypeError: NetworkError when attempting to fetch resource.
JavaScript error: , line 0: TypeError: NetworkError when attempting to fetch resource.
JavaScript error: , line 0: TypeError: NetworkError when attempting to fetch resource.
JavaScript warning: https://pagead2.googlesyndication.com/bg/kBq9KUdG_fSJS_g22hG5IJOh94ldGEt94wg22nyNOr4.js line 2 > eval line 7619 > eval line 1 > eval line 1 > eval, line 1: WEBGL_debug_renderer_info is deprecated in Firefox and will be removed. Please use RENDERER.
JavaScript warning: https://pagead2.googlesyndication.com/bg/kBq9KUdG_fSJS_g22hG5IJOh94ldGEt94wg22nyNOr4.js line 2 > eval line 5986 > eval line 1 > eval line 1 > eval, line 1: WEBGL_debug_renderer_info is deprecated in Firefox and will be removed. Please use RENDERER.
JavaScript warning: https://pagead2.googlesyndication.com/bg/kBq9KUdG_fSJS_g22hG5IJOh94ldGEt94wg22nyNOr4.js line 2 > eval line 462 > eval line 1 > eval line 1 > eval, line 1: WEBGL_debug_renderer_info is deprecated in Firefox and will be removed. Please use RENDERER.
JavaScript error: , line 0: TypeError: NetworkError when attempting to fetch resource.
JavaScript error: , line 0: TypeError: NetworkError when attempting to fetch resource.
JavaScript error: , line 0: TypeError: NetworkError when attempting to fetch resource.
JavaScript error: , line 0: TypeError: NetworkError when attempting to fetch resource.
JavaScript warning: https://pagead2.googlesyndication.com/bg/kBq9KUdG_fSJS_g22hG5IJOh94ldGEt94wg22nyNOr4.js line 2 > eval line 7489 > eval line 1 > eval line 1 > eval, line 1: WEBGL_debug_renderer_info is deprecated in Firefox and will be removed. Please use RENDERER.
JavaScript warning: https://pagead2.googlesyndication.com/bg/kBq9KUdG_fSJS_g22hG5IJOh94ldGEt94wg22nyNOr4.js line 2 > eval line 5444 > eval line 1 > eval line 1 > eval, line 1: WEBGL_debug_renderer_info is deprecated in Firefox and will be removed. Please use RENDERER.
JavaScript warning: https://pagead2.googlesyndication.com/bg/kBq9KUdG_fSJS_g22hG5IJOh94ldGEt94wg22nyNOr4.js line 2 > eval line 6929 > eval line 1 > eval line 1 > eval, line 1: WEBGL_debug_renderer_info is deprecated in Firefox and will be removed. Please use RENDERER.
Missing chrome or resource URL: chrome://browser/skin/aboutSessionRestore-window-icon.png
Missing chrome or resource URL: chrome://browser/skin/abyss/img/waterfox-abyss-preview.svg
JavaScript error: , line 0: TypeError: NetworkError when attempting to fetch resource.
JavaScript error: , line 0: TypeError: NetworkError when attempting to fetch resource.
JavaScript error: https://i-invdn-com.investing.com/x/prod/cc0b219/_next/static/chunks/framework-4ed89e9640adfb9e.js, line 1: Error: Minified React error #425; visit https://reactjs.org/docs/error-decoder.html?invariant=425 for the full message or use the non-minified dev environment for full errors and additional helpful warnings.
JavaScript error: https://i-invdn-com.investing.com/x/prod/cc0b219/_next/static/chunks/framework-4ed89e9640adfb9e.js, line 1: Error: Minified React error #418; visit https://reactjs.org/docs/error-decoder.html?invariant=418 for the full message or use the non-minified dev environment for full errors and additional helpful warnings.
JavaScript error: https://i-invdn-com.investing.com/x/prod/cc0b219/_next/static/chunks/framework-4ed89e9640adfb9e.js, line 1: Error: Minified React error #418; visit https://reactjs.org/docs/error-decoder.html?invariant=418 for the full message or use the non-minified dev environment for full errors and additional helpful warnings.
JavaScript error: https://i-invdn-com.investing.com/x/prod/cc0b219/_next/static/chunks/framework-4ed89e9640adfb9e.js, line 1: Error: Minified React error #418; visit https://reactjs.org/docs/error-decoder.html?invariant=418 for the full message or use the non-minified dev environment for full errors and additional helpful warnings.
JavaScript error: https://i-invdn-com.investing.com/x/prod/cc0b219/_next/static/chunks/framework-4ed89e9640adfb9e.js, line 1: Error: Minified React error #418; visit https://reactjs.org/docs/error-decoder.html?invariant=418 for the full message or use the non-minified dev environment for full errors and additional helpful warnings.
JavaScript error: https://i-invdn-com.investing.com/x/prod/cc0b219/_next/static/chunks/framework-4ed89e9640adfb9e.js, line 1: Error: Minified React error #418; visit https://reactjs.org/docs/error-decoder.html?invariant=418 for the full message or use the non-minified dev environment for full errors and additional helpful warnings.
JavaScript error: https://i-invdn-com.investing.com/x/prod/cc0b219/_next/static/chunks/framework-4ed89e9640adfb9e.js, line 1: Error: Minified React error #418; visit https://reactjs.org/docs/error-decoder.html?invariant=418 for the full message or use the non-minified dev environment for full errors and additional helpful warnings.
JavaScript error: https://i-invdn-com.investing.com/x/prod/cc0b219/_next/static/chunks/framework-4ed89e9640adfb9e.js, line 1: Error: Minified React error #418; visit https://reactjs.org/docs/error-decoder.html?invariant=418 for the full message or use the non-minified dev environment for full errors and additional helpful warnings.
JavaScript error: https://i-invdn-com.investing.com/x/prod/cc0b219/_next/static/chunks/framework-4ed89e9640adfb9e.js, line 1: Error: Minified React error #418; visit https://reactjs.org/docs/error-decoder.html?invariant=418 for the full message or use the non-minified dev environment for full errors and additional helpful warnings.
JavaScript error: https://i-invdn-com.investing.com/x/prod/cc0b219/_next/static/chunks/framework-4ed89e9640adfb9e.js, line 1: Error: Minified React error #418; visit https://reactjs.org/docs/error-decoder.html?invariant=418 for the full message or use the non-minified dev environment for full errors and additional helpful warnings.
JavaScript error: https://i-invdn-com.investing.com/x/prod/cc0b219/_next/static/chunks/framework-4ed89e9640adfb9e.js, line 1: Error: Minified React error #418; visit https://reactjs.org/docs/error-decoder.html?invariant=418 for the full message or use the non-minified dev environment for full errors and additional helpful warnings.
JavaScript error: https://i-invdn-com.investing.com/x/prod/cc0b219/_next/static/chunks/framework-4ed89e9640adfb9e.js, line 1: Error: Minified React error #423; visit https://reactjs.org/docs/error-decoder.html?invariant=423 for the full message or use the non-minified dev environment for full errors and additional helpful warnings.
JavaScript warning: https://pagead2.googlesyndication.com/bg/kBq9KUdG_fSJS_g22hG5IJOh94ldGEt94wg22nyNOr4.js line 2 > eval line 6035 > eval line 1 > eval line 1 > eval, line 1: WEBGL_debug_renderer_info is deprecated in Firefox and will be removed. Please use RENDERER.
JavaScript warning: https://pagead2.googlesyndication.com/bg/kBq9KUdG_fSJS_g22hG5IJOh94ldGEt94wg22nyNOr4.js line 2 > eval line 795 > eval line 1 > eval line 1 > eval, line 1: WEBGL_debug_renderer_info is deprecated in Firefox and will be removed. Please use RENDERER.
JavaScript warning: https://pagead2.googlesyndication.com/bg/kBq9KUdG_fSJS_g22hG5IJOh94ldGEt94wg22nyNOr4.js line 2 > eval line 5632 > eval line 1 > eval line 1 > eval, line 1: WEBGL_debug_renderer_info is deprecated in Firefox and will be removed. Please use RENDERER.
JavaScript error: , line 0: TypeError: NetworkError when attempting to fetch resource.
1681661444743	Marionette	WARN	Ignoring event 'DOMContentLoaded' because document has an invalid readyState of 'complete'.
JavaScript warning: https://pagead2.googlesyndication.com/bg/kBq9KUdG_fSJS_g22hG5IJOh94ldGEt94wg22nyNOr4.js line 2 > eval line 1801 > eval line 1 > eval line 1 > eval, line 1: WEBGL_debug_renderer_info is deprecated in Firefox and will be removed. Please use RENDERER.
JavaScript warning: https://pagead2.googlesyndication.com/bg/kBq9KUdG_fSJS_g22hG5IJOh94ldGEt94wg22nyNOr4.js line 2 > eval line 4979 > eval line 1 > eval line 1 > eval, line 1: WEBGL_debug_renderer_info is deprecated in Firefox and will be removed. Please use RENDERER.
JavaScript warning: https://z.moatads.com/quantcastv2691176990399/moatad.js#moatClientLevel1=p-zpW_k9butwLga&moatClientLevel2=qfm&moatClientLevel3=d71bd8ca-6b7b-44bb-bf0f-a00f9525e2d6&moatClientLevel4=7820ea3f-cbba-4af6-a60b-e4ce8b9b1118&uid=An27PgMIvj0Ye7pMdxW5TXcJoDpxebRWBnu6SgV-tU0CAMs-4xvDaw==, line 283: WEBGL_debug_renderer_info is deprecated in Firefox and will be removed. Please use RENDERER.
1681661493016	Marionette	INFO	Stopped listening on port 56886
Dynamically enable window occlusion 1
[Parent 2208, IPC I/O Parent] WARNING: pipe error: 232: file /builds/worker/checkouts/gecko/ipc/chromium/src/chrome/common/ipc_channel_win.cc:583
1681661680076	geckodriver	INFO	Listening on 127.0.0.1:55630
1681661683107	mozrunner::runner	INFO	Running command: "C:\\Program Files\\Mozilla Firefox\\firefox.exe" "--marionette" "--no-sandbox" "--disable-dev-shm-usage" "- ... 1" "--remote-allow-hosts" "localhost" "-no-remote" "-profile" "C:\\Users\\JAIME\\AppData\\Local\\Temp\\rust_mozprofiledenwfs"
console.warn: services.settings: Ignoring preference override of remote settings server
console.warn: services.settings: Allow by setting MOZ_REMOTE_SETTINGS_DEVTOOLS=1 in the environment
1681661683340	Marionette	INFO	Marionette enabled
Dynamically enable window occlusion 0
1681661683343	Marionette	INFO	Listening on port 55638
console.error: "Warning: unrecognized command line flag -no-sandbox\n"
console.error: "Warning: unrecognized command line flag -start-maximized\n"
WebDriver BiDi listening on ws://127.0.0.1:55631
Read port: 55638
1681661683550	RemoteAgent	WARN	TLS certificate errors will be ignored for this session
console.warn: SearchSettings: "get: No settings file exists, new profile?" (new NotFoundError("Could not open the file at C:\\Users\\JAIME\\AppData\\Local\\Temp\\rust_mozprofiledenwfs\\search.json.mozlz4", (void 0)))
DevTools listening on ws://127.0.0.1:55631/devtools/browser/423b26b6-e920-4a71-b6a2-604464c6d6f5
JavaScript warning: https://pagead2.googlesyndication.com/bg/kBq9KUdG_fSJS_g22hG5IJOh94ldGEt94wg22nyNOr4.js line 2 > eval line 5644 > eval line 1 > eval line 1 > eval, line 1: WEBGL_debug_renderer_info is deprecated in Firefox and will be removed. Please use RENDERER.
JavaScript warning: https://pagead2.googlesyndication.com/bg/kBq9KUdG_fSJS_g22hG5IJOh94ldGEt94wg22nyNOr4.js line 2 > eval line 3030 > eval line 1 > eval line 1 > eval, line 1: WEBGL_debug_renderer_info is deprecated in Firefox and will be removed. Please use RENDERER.
JavaScript warning: https://pagead2.googlesyndication.com/bg/kBq9KUdG_fSJS_g22hG5IJOh94ldGEt94wg22nyNOr4.js line 2 > eval line 7506 > eval line 1 > eval line 1 > eval, line 1: WEBGL_debug_renderer_info is deprecated in Firefox and will be removed. Please use RENDERER.
Missing chrome or resource URL: chrome://browser/skin/aboutSessionRestore-window-icon.png
Missing chrome or resource URL: chrome://browser/skin/abyss/img/waterfox-abyss-preview.svg
[Parent 17940, Main Thread] WARNING: DuplicateHandle failed for handle 0 in TransferHandles: file /builds/worker/checkouts/gecko/ipc/chromium/src/chrome/common/ipc_channel_win.cc:777
1681661795512	geckodriver	INFO	Listening on 127.0.0.1:57197
1681661798541	mozrunner::runner	INFO	Running command: "C:\\Program Files\\Mozilla Firefox\\firefox.exe" "--marionette" "--no-sandbox" "--disable-dev-shm-usage" "- ... 8" "--remote-allow-hosts" "localhost" "-no-remote" "-profile" "C:\\Users\\JAIME\\AppData\\Local\\Temp\\rust_mozprofileOMcjG2"
console.warn: services.settings: Ignoring preference override of remote settings server
console.warn: services.settings: Allow by setting MOZ_REMOTE_SETTINGS_DEVTOOLS=1 in the environment
1681661798785	Marionette	INFO	Marionette enabled
Dynamically enable window occlusion 0
1681661798789	Marionette	INFO	Listening on port 57205
console.error: "Warning: unrecognized command line flag -no-sandbox\n"
console.error: "Warning: unrecognized command line flag -start-maximized\n"
WebDriver BiDi listening on ws://127.0.0.1:57198
Read port: 57205
1681661798903	RemoteAgent	WARN	TLS certificate errors will be ignored for this session
console.warn: SearchSettings: "get: No settings file exists, new profile?" (new NotFoundError("Could not open the file at C:\\Users\\JAIME\\AppData\\Local\\Temp\\rust_mozprofileOMcjG2\\search.json.mozlz4", (void 0)))
DevTools listening on ws://127.0.0.1:57198/devtools/browser/0560dcbb-cd3c-4702-ad85-124513acedc2
JavaScript warning: https://pagead2.googlesyndication.com/bg/kBq9KUdG_fSJS_g22hG5IJOh94ldGEt94wg22nyNOr4.js line 2 > eval line 5506 > eval line 1 > eval line 1 > eval, line 1: WEBGL_debug_renderer_info is deprecated in Firefox and will be removed. Please use RENDERER.
JavaScript warning: https://pagead2.googlesyndication.com/bg/kBq9KUdG_fSJS_g22hG5IJOh94ldGEt94wg22nyNOr4.js line 2 > eval line 6996 > eval line 1 > eval line 1 > eval, line 1: WEBGL_debug_renderer_info is deprecated in Firefox and will be removed. Please use RENDERER.
JavaScript error: https://www.investing.com/funds/amundi-msci-wrld-ae-c line 413 > injectedScript, line 1: ReferenceError: fbq is not defined
JavaScript error: , line 0: TypeError: NetworkError when attempting to fetch resource.
[Parent 12792, IPC I/O Parent] WARNING: DuplicateHandle failed for handle 0 in TransferHandles: file /builds/worker/checkouts/gecko/ipc/chromium/src/chrome/common/ipc_channel_win.cc:777
1681661835382	Marionette	WARN	Ignoring event 'DOMContentLoaded' because document has an invalid readyState of 'complete'.
JavaScript warning: https://pagead2.googlesyndication.com/bg/kBq9KUdG_fSJS_g22hG5IJOh94ldGEt94wg22nyNOr4.js line 2 > eval line 7426 > eval line 1 > eval line 1 > eval, line 1: WEBGL_debug_renderer_info is deprecated in Firefox and will be removed. Please use RENDERER.
JavaScript warning: https://pagead2.googlesyndication.com/bg/kBq9KUdG_fSJS_g22hG5IJOh94ldGEt94wg22nyNOr4.js line 2 > eval line 1558 > eval line 1 > eval line 1 > eval, line 1: WEBGL_debug_renderer_info is deprecated in Firefox and will be removed. Please use RENDERER.
JavaScript warning: https://pagead2.googlesyndication.com/bg/kBq9KUdG_fSJS_g22hG5IJOh94ldGEt94wg22nyNOr4.js line 2 > eval line 4990 > eval line 1 > eval line 1 > eval, line 1: WEBGL_debug_renderer_info is deprecated in Firefox and will be removed. Please use RENDERER.
JavaScript error: , line 0: TypeError: NetworkError when attempting to fetch resource.
[Parent 12792, IPC I/O Parent] WARNING: DuplicateHandle failed for handle 0 in TransferHandles: file /builds/worker/checkouts/gecko/ipc/chromium/src/chrome/common/ipc_channel_win.cc:777
JavaScript error: , line 0: TypeError: NetworkError when attempting to fetch resource.
JavaScript error: , line 0: TypeError: NetworkError when attempting to fetch resource.
Missing chrome or resource URL: chrome://browser/skin/aboutSessionRestore-window-icon.png
Missing chrome or resource URL: chrome://browser/skin/abyss/img/waterfox-abyss-preview.svg
JavaScript warning: https://pagead2.googlesyndication.com/bg/kBq9KUdG_fSJS_g22hG5IJOh94ldGEt94wg22nyNOr4.js line 2 > eval line 7054 > eval line 1 > eval line 1 > eval, line 1: WEBGL_debug_renderer_info is deprecated in Firefox and will be removed. Please use RENDERER.
JavaScript warning: https://pagead2.googlesyndication.com/bg/kBq9KUdG_fSJS_g22hG5IJOh94ldGEt94wg22nyNOr4.js line 2 > eval line 2623 > eval line 1 > eval line 1 > eval, line 1: WEBGL_debug_renderer_info is deprecated in Firefox and will be removed. Please use RENDERER.
JavaScript error: , line 0: TypeError: NetworkError when attempting to fetch resource.
JavaScript error: https://i-invdn-com.investing.com/x/prod/cc0b219/_next/static/chunks/framework-4ed89e9640adfb9e.js, line 1: Error: Minified React error #425; visit https://reactjs.org/docs/error-decoder.html?invariant=425 for the full message or use the non-minified dev environment for full errors and additional helpful warnings.
JavaScript error: https://i-invdn-com.investing.com/x/prod/cc0b219/_next/static/chunks/framework-4ed89e9640adfb9e.js, line 1: Error: Minified React error #418; visit https://reactjs.org/docs/error-decoder.html?invariant=418 for the full message or use the non-minified dev environment for full errors and additional helpful warnings.
JavaScript error: https://i-invdn-com.investing.com/x/prod/cc0b219/_next/static/chunks/framework-4ed89e9640adfb9e.js, line 1: Error: Minified React error #418; visit https://reactjs.org/docs/error-decoder.html?invariant=418 for the full message or use the non-minified dev environment for full errors and additional helpful warnings.
JavaScript error: https://i-invdn-com.investing.com/x/prod/cc0b219/_next/static/chunks/framework-4ed89e9640adfb9e.js, line 1: Error: Minified React error #418; visit https://reactjs.org/docs/error-decoder.html?invariant=418 for the full message or use the non-minified dev environment for full errors and additional helpful warnings.
JavaScript error: https://i-invdn-com.investing.com/x/prod/cc0b219/_next/static/chunks/framework-4ed89e9640adfb9e.js, line 1: Error: Minified React error #418; visit https://reactjs.org/docs/error-decoder.html?invariant=418 for the full message or use the non-minified dev environment for full errors and additional helpful warnings.
JavaScript error: https://i-invdn-com.investing.com/x/prod/cc0b219/_next/static/chunks/framework-4ed89e9640adfb9e.js, line 1: Error: Minified React error #418; visit https://reactjs.org/docs/error-decoder.html?invariant=418 for the full message or use the non-minified dev environment for full errors and additional helpful warnings.
JavaScript error: https://i-invdn-com.investing.com/x/prod/cc0b219/_next/static/chunks/framework-4ed89e9640adfb9e.js, line 1: Error: Minified React error #418; visit https://reactjs.org/docs/error-decoder.html?invariant=418 for the full message or use the non-minified dev environment for full errors and additional helpful warnings.
JavaScript error: https://i-invdn-com.investing.com/x/prod/cc0b219/_next/static/chunks/framework-4ed89e9640adfb9e.js, line 1: Error: Minified React error #418; visit https://reactjs.org/docs/error-decoder.html?invariant=418 for the full message or use the non-minified dev environment for full errors and additional helpful warnings.
JavaScript error: https://i-invdn-com.investing.com/x/prod/cc0b219/_next/static/chunks/framework-4ed89e9640adfb9e.js, line 1: Error: Minified React error #418; visit https://reactjs.org/docs/error-decoder.html?invariant=418 for the full message or use the non-minified dev environment for full errors and additional helpful warnings.
JavaScript error: https://i-invdn-com.investing.com/x/prod/cc0b219/_next/static/chunks/framework-4ed89e9640adfb9e.js, line 1: Error: Minified React error #418; visit https://reactjs.org/docs/error-decoder.html?invariant=418 for the full message or use the non-minified dev environment for full errors and additional helpful warnings.
JavaScript error: https://i-invdn-com.investing.com/x/prod/cc0b219/_next/static/chunks/framework-4ed89e9640adfb9e.js, line 1: Error: Minified React error #418; visit https://reactjs.org/docs/error-decoder.html?invariant=418 for the full message or use the non-minified dev environment for full errors and additional helpful warnings.
JavaScript error: https://i-invdn-com.investing.com/x/prod/cc0b219/_next/static/chunks/framework-4ed89e9640adfb9e.js, line 1: Error: Minified React error #423; visit https://reactjs.org/docs/error-decoder.html?invariant=423 for the full message or use the non-minified dev environment for full errors and additional helpful warnings.
JavaScript warning: https://pagead2.googlesyndication.com/bg/kBq9KUdG_fSJS_g22hG5IJOh94ldGEt94wg22nyNOr4.js line 2 > eval line 1562 > eval line 1 > eval line 1 > eval, line 1: WEBGL_debug_renderer_info is deprecated in Firefox and will be removed. Please use RENDERER.
JavaScript warning: https://pagead2.googlesyndication.com/bg/kBq9KUdG_fSJS_g22hG5IJOh94ldGEt94wg22nyNOr4.js line 2 > eval line 5712 > eval line 1 > eval line 1 > eval, line 1: WEBGL_debug_renderer_info is deprecated in Firefox and will be removed. Please use RENDERER.
JavaScript warning: https://pagead2.googlesyndication.com/bg/kBq9KUdG_fSJS_g22hG5IJOh94ldGEt94wg22nyNOr4.js line 2 > eval line 3855 > eval line 1 > eval line 1 > eval, line 1: WEBGL_debug_renderer_info is deprecated in Firefox and will be removed. Please use RENDERER.
JavaScript error: , line 0: TypeError: NetworkError when attempting to fetch resource.
JavaScript error: , line 0: TypeError: NetworkError when attempting to fetch resource.
JavaScript error: https://live.primis.tech/live/liveVideo.php?vpaidManager=sekindo&s=58057&ri=6C69766553746174737C736B317B54307D7B64323032332D30342D31365F31397D7B7331353838373533307D7B4336347D7B5363335669615752665A57356A6232526C5A46393364336375615735325A584E306157356E4C6D4E7662513D3D7D7B6266697265666F787D7B716465736B746F707D7B6F77696E646F77737D7B583330307D7B593136397D7B66317D7B7251554A55494338675A5778705A326C696247564D59584E30494338674D534176494864706447673D7D7B4C363539377DFEFE&userIpAddr=87.219.247.59&userUA=Mozilla%2F5.0+%28Windows+NT+10.0%3B+Win64%3B+x64%3B+rv%3A109.0%29+Gecko%2F20100101+Firefox%2F111.0&debugInformation=ABT+%2F+eligibleLast+%2F+1+%2F+with&isWePassGdpr=0&noViewableMidrollPolicy=vary&isDoublePreroll=1&autoSkipVideoSec=20&c2pWaitTime=10&sdkv=&isSinglePageFloatSupport=1&availCampaigns=&isAmpIframe=0&tagKeywords=&cbuster=1681661912&csuuid=643c1f69860ac&debugInfo=15887530_ABT+%2F+eligibleLast+%2F+1+%2F+with&debugPlayerSession=&pubUrlDEMO=&isAsyncDEMO=0&customPlaylistIdDEMO=&sta=15887530&showLogo=0&clkUrl=&plMult=-1&schedule=eyJwcmVfcm9sbCI6MSwibWlkX3JvbGwiOltdLCJnYXAiOiJhdXRvIn0%3D&content=plembedb9bnuthmjiqr&secondaryContent=&x=300&y=169&pubUrl=https%3A%2F%2Fwww.investing.com%2Findices%2Fusdollar&contentNum=1&flow_closeBtn=1&flowCloseTimeout=0&flow_closeButtonPosition=right&flow_direction=bl&flow_horizontalOffset=10&flow_bottomOffset=5&impGap=1&flow_width=300&flow_height=undefined&videoType=flow&gdpr=1&gdprConsent=&contentFeedId=&geoLati=40.4163&geoLong=-3.6934&vpTemplate=6597&flowMode=below&isRealPreroll=0&playerApiId=news-video-player&isApp=0&ccpa=0&ccpaConsent=&subId=SUBID_ENCODED&appName=&appBundleId=https%3A%2F%2Fwww.investing.com%2Findices%2Fusdollar&appStoreUrl=&diaid=&appPrivacyPolicy=&appIsPaid=&appDeveloper=&appId=&appVersion=&sdkv=&enableResizeObserverInapp=0&isAppJs=0, line 371: TypeError: l.windowForGoogleTag.google is undefined
JavaScript warning: https://pagead2.googlesyndication.com/bg/kBq9KUdG_fSJS_g22hG5IJOh94ldGEt94wg22nyNOr4.js line 2 > eval line 1036 > eval line 1 > eval line 1 > eval, line 1: WEBGL_debug_renderer_info is deprecated in Firefox and will be removed. Please use RENDERER.
JavaScript warning: https://pagead2.googlesyndication.com/bg/kBq9KUdG_fSJS_g22hG5IJOh94ldGEt94wg22nyNOr4.js line 2 > eval line 3452 > eval line 1 > eval line 1 > eval, line 1: WEBGL_debug_renderer_info is deprecated in Firefox and will be removed. Please use RENDERER.
JavaScript warning: https://pagead2.googlesyndication.com/bg/kBq9KUdG_fSJS_g22hG5IJOh94ldGEt94wg22nyNOr4.js line 2 > eval line 512 > eval line 1 > eval line 1 > eval, line 1: WEBGL_debug_renderer_info is deprecated in Firefox and will be removed. Please use RENDERER.
1681661961721	Marionette	INFO	Stopped listening on port 57205
Dynamically enable window occlusion 1
[Parent 12792, IPC I/O Parent] WARNING: pipe error: 232: file /builds/worker/checkouts/gecko/ipc/chromium/src/chrome/common/ipc_channel_win.cc:583
1681663059358	geckodriver	INFO	Listening on 127.0.0.1:64257
1681663062396	mozrunner::runner	INFO	Running command: "C:\\Program Files\\Mozilla Firefox\\firefox.exe" "--marionette" "--no-sandbox" "--disable-dev-shm-usage" "- ... 8" "--remote-allow-hosts" "localhost" "-no-remote" "-profile" "C:\\Users\\JAIME\\AppData\\Local\\Temp\\rust_mozprofilem26QcF"
console.warn: services.settings: Ignoring preference override of remote settings server
console.warn: services.settings: Allow by setting MOZ_REMOTE_SETTINGS_DEVTOOLS=1 in the environment
1681663062679	Marionette	INFO	Marionette enabled
Dynamically enable window occlusion 0
1681663062684	Marionette	INFO	Listening on port 64265
console.error: "Warning: unrecognized command line flag -no-sandbox\n"
console.error: "Warning: unrecognized command line flag -start-maximized\n"
Read port: 64265
WebDriver BiDi listening on ws://127.0.0.1:64258
1681663062818	RemoteAgent	WARN	TLS certificate errors will be ignored for this session
console.warn: SearchSettings: "get: No settings file exists, new profile?" (new NotFoundError("Could not open the file at C:\\Users\\JAIME\\AppData\\Local\\Temp\\rust_mozprofilem26QcF\\search.json.mozlz4", (void 0)))
DevTools listening on ws://127.0.0.1:64258/devtools/browser/9311c8a2-1e0d-46b5-aa59-1fd2576108ab
JavaScript warning: https://pagead2.googlesyndication.com/bg/kBq9KUdG_fSJS_g22hG5IJOh94ldGEt94wg22nyNOr4.js line 2 > eval line 2690 > eval line 1 > eval line 1 > eval, line 1: WEBGL_debug_renderer_info is deprecated in Firefox and will be removed. Please use RENDERER.
JavaScript warning: https://pagead2.googlesyndication.com/bg/kBq9KUdG_fSJS_g22hG5IJOh94ldGEt94wg22nyNOr4.js line 2 > eval line 3746 > eval line 1 > eval line 1 > eval, line 1: WEBGL_debug_renderer_info is deprecated in Firefox and will be removed. Please use RENDERER.
JavaScript warning: https://pagead2.googlesyndication.com/bg/kBq9KUdG_fSJS_g22hG5IJOh94ldGEt94wg22nyNOr4.js line 2 > eval line 1411 > eval line 1 > eval line 1 > eval, line 1: WEBGL_debug_renderer_info is deprecated in Firefox and will be removed. Please use RENDERER.
JavaScript error: , line 0: TypeError: NetworkError when attempting to fetch resource.
[Parent 16232, IPC I/O Parent] WARNING: DuplicateHandle failed for handle 0 in TransferHandles: file /builds/worker/checkouts/gecko/ipc/chromium/src/chrome/common/ipc_channel_win.cc:777
JavaScript error: https://connect.facebook.net/en_US/fbevents.js, line 27: TypeError: f.queue is undefined
1681663104739	Marionette	WARN	Ignoring event 'DOMContentLoaded' because document has an invalid readyState of 'complete'.
JavaScript error: https://www.investing.com/funds/amundi-msci-wrld-ae-c-historical-data line 413 > injectedScript, line 1: ReferenceError: fbq is not defined
JavaScript warning: https://pagead2.googlesyndication.com/bg/kBq9KUdG_fSJS_g22hG5IJOh94ldGEt94wg22nyNOr4.js line 2 > eval line 7523 > eval line 1 > eval line 1 > eval, line 1: WEBGL_debug_renderer_info is deprecated in Firefox and will be removed. Please use RENDERER.
JavaScript warning: https://pagead2.googlesyndication.com/bg/kBq9KUdG_fSJS_g22hG5IJOh94ldGEt94wg22nyNOr4.js line 2 > eval line 6820 > eval line 1 > eval line 1 > eval, line 1: WEBGL_debug_renderer_info is deprecated in Firefox and will be removed. Please use RENDERER.
JavaScript warning: https://pagead2.googlesyndication.com/bg/kBq9KUdG_fSJS_g22hG5IJOh94ldGEt94wg22nyNOr4.js line 2 > eval line 1751 > eval line 1 > eval line 1 > eval, line 1: WEBGL_debug_renderer_info is deprecated in Firefox and will be removed. Please use RENDERER.
JavaScript warning: https://pagead2.googlesyndication.com/bg/kBq9KUdG_fSJS_g22hG5IJOh94ldGEt94wg22nyNOr4.js line 2 > eval line 6116 > eval line 1 > eval line 1 > eval, line 1: WEBGL_debug_renderer_info is deprecated in Firefox and will be removed. Please use RENDERER.
JavaScript error: , line 0: TypeError: NetworkError when attempting to fetch resource.
JavaScript error: , line 0: TypeError: NetworkError when attempting to fetch resource.
JavaScript error: , line 0: TypeError: NetworkError when attempting to fetch resource.
JavaScript error: , line 0: TypeError: NetworkError when attempting to fetch resource.
JavaScript warning: https://pagead2.googlesyndication.com/bg/kBq9KUdG_fSJS_g22hG5IJOh94ldGEt94wg22nyNOr4.js line 2 > eval line 3048 > eval line 1 > eval line 1 > eval, line 1: WEBGL_debug_renderer_info is deprecated in Firefox and will be removed. Please use RENDERER.
JavaScript warning: https://pagead2.googlesyndication.com/bg/kBq9KUdG_fSJS_g22hG5IJOh94ldGEt94wg22nyNOr4.js line 2 > eval line 740 > eval line 1 > eval line 1 > eval, line 1: WEBGL_debug_renderer_info is deprecated in Firefox and will be removed. Please use RENDERER.
JavaScript warning: https://pagead2.googlesyndication.com/bg/kBq9KUdG_fSJS_g22hG5IJOh94ldGEt94wg22nyNOr4.js line 2 > eval line 5845 > eval line 1 > eval line 1 > eval, line 1: WEBGL_debug_renderer_info is deprecated in Firefox and will be removed. Please use RENDERER.
JavaScript warning: https://pagead2.googlesyndication.com/bg/kBq9KUdG_fSJS_g22hG5IJOh94ldGEt94wg22nyNOr4.js line 2 > eval line 6416 > eval line 1 > eval line 1 > eval, line 1: WEBGL_debug_renderer_info is deprecated in Firefox and will be removed. Please use RENDERER.
JavaScript error: , line 0: TypeError: NetworkError when attempting to fetch resource.
JavaScript error: , line 0: TypeError: NetworkError when attempting to fetch resource.
JavaScript warning: https://pagead2.googlesyndication.com/bg/kBq9KUdG_fSJS_g22hG5IJOh94ldGEt94wg22nyNOr4.js line 2 > eval line 5306 > eval line 1 > eval line 1 > eval, line 1: WEBGL_debug_renderer_info is deprecated in Firefox and will be removed. Please use RENDERER.
JavaScript warning: https://pagead2.googlesyndication.com/bg/kBq9KUdG_fSJS_g22hG5IJOh94ldGEt94wg22nyNOr4.js line 2 > eval line 2867 > eval line 1 > eval line 1 > eval, line 1: WEBGL_debug_renderer_info is deprecated in Firefox and will be removed. Please use RENDERER.
JavaScript warning: https://pagead2.googlesyndication.com/bg/kBq9KUdG_fSJS_g22hG5IJOh94ldGEt94wg22nyNOr4.js line 2 > eval line 3927 > eval line 1 > eval line 1 > eval, line 1: WEBGL_debug_renderer_info is deprecated in Firefox and will be removed. Please use RENDERER.
JavaScript error: , line 0: TypeError: NetworkError when attempting to fetch resource.
[Parent 16232, IPC I/O Parent] WARNING: DuplicateHandle failed for handle 0 in TransferHandles: file /builds/worker/checkouts/gecko/ipc/chromium/src/chrome/common/ipc_channel_win.cc:777
[Parent 16232, IPC I/O Parent] WARNING: DuplicateHandle failed for handle 0 in TransferHandles: file /builds/worker/checkouts/gecko/ipc/chromium/src/chrome/common/ipc_channel_win.cc:777
JavaScript error: , line 0: TypeError: NetworkError when attempting to fetch resource.
1681663182213	Marionette	WARN	Ignoring event 'DOMContentLoaded' because document has an invalid readyState of 'complete'.
JavaScript warning: https://pagead2.googlesyndication.com/bg/kBq9KUdG_fSJS_g22hG5IJOh94ldGEt94wg22nyNOr4.js line 2 > eval line 4671 > eval line 1 > eval line 1 > eval, line 1: WEBGL_debug_renderer_info is deprecated in Firefox and will be removed. Please use RENDERER.
JavaScript warning: https://pagead2.googlesyndication.com/bg/kBq9KUdG_fSJS_g22hG5IJOh94ldGEt94wg22nyNOr4.js line 2 > eval line 2095 > eval line 1 > eval line 1 > eval, line 1: WEBGL_debug_renderer_info is deprecated in Firefox and will be removed. Please use RENDERER.
1681663230484	Marionette	INFO	Stopped listening on port 64265
Dynamically enable window occlusion 1
[Parent 16232, IPC I/O Parent] WARNING: DuplicateHandle failed for handle 0 in TransferHandles: file /builds/worker/checkouts/gecko/ipc/chromium/src/chrome/common/ipc_channel_win.cc:777
[Parent 16232, IPC I/O Parent] WARNING: pipe error: 232: file /builds/worker/checkouts/gecko/ipc/chromium/src/chrome/common/ipc_channel_win.cc:583
